2021-07-24 18:47:01,221 Application path : /home/dev-24/Downloads/FootFall-20210718T063506Z-001/FootFall/Deploy
2021-07-24 18:47:01,906 Falling back to TensorFlow client; we recommended you install the Cloud TPU client directly with pip install cloud-tpu-client.
2021-07-24 18:47:02,310 From /home/dev-24/anaconda3/envs/footfallDeploy/lib/python3.6/site-packages/tensorflow/python/compat/v2_compat.py:96: disable_resource_variables (from tensorflow.python.ops.variable_scope) is deprecated and will be removed in a future version.
Instructions for updating:
non-resource variables are not supported in the long term
2021-07-24 18:47:02,407 [INFO] loading model...
2021-07-24 18:47:02,468 [INFO] loaded model...
2021-07-24 18:47:11,730 Counts updated in server
2021-07-24 18:47:14,289 Unable to get video stream
2021-07-24 18:47:15,907 Pausing for 20 Sec ...
2021-07-24 18:47:40,556 Unable to get video stream
2021-07-24 18:47:42,029 Pausing for 20 Sec ...
2021-07-24 18:48:04,642 Unable to get video stream
2021-07-24 18:48:06,139 Pausing for 20 Sec ...
2021-07-24 18:48:28,743 Unable to get video stream
2021-07-24 18:48:30,833 Pausing for 20 Sec ...
2021-07-24 18:48:54,717 Unable to get video stream
2021-07-24 18:48:56,139 Pausing for 20 Sec ...
2021-07-24 18:49:21,440 Unable to get video stream
2021-07-24 18:49:23,114 Pausing for 20 Sec ...
2021-07-24 18:49:43,219 Processed 500 frames, time : 2021-07-24 18:49:43.219103
2021-07-24 18:49:45,043 Unable to get video stream
2021-07-24 18:49:47,071 Pausing for 20 Sec ...
2021-07-24 18:50:09,140 Unable to get video stream
2021-07-24 18:50:11,172 Pausing for 20 Sec ...
